<?xml version="1.0" encoding="UTF-8"?>
<!-- Generated by org.testng.reporters.JUnitXMLReporter -->
<testsuite ignored="0" hostname="LAPTOP-S7UJHO9I" failures="0" tests="2" name="SubmitOrderTest2_PageObject" time="18.449" errors="0" timestamp="2023-11-26T11:18:54 IST">
  <testcase classname="tests.SubmitOrderTest4_retryAnalyzer" name="LoginErrorValidation" time="4.294"/>
  <testcase classname="tests.SubmitOrderTest4_retryAnalyzer" name="ProductErrorValidation" time="3.639"/>
</testsuite> <!-- SubmitOrderTest2_PageObject -->
