<?xml version="1.0" encoding="UTF-8"?>
<!-- Generated by org.testng.reporters.JUnitXMLReporter -->
<testsuite ignored="2" hostname="LAPTOP-S7UJHO9I" failures="0" tests="0" time="0.024" errors="0" timestamp="2023-12-04T01:55:55 IST">
  <testcase classname="Tests.SubmitOrderTest4_retryAnalyzer" name="LoginErrorValidation" time="0.0">
    <ignored/>
  </testcase> <!-- LoginErrorValidation -->
  <testcase classname="Tests.SubmitOrderTest4_retryAnalyzer" name="ProductErrorValidation" time="0.0">
    <ignored/>
  </testcase> <!-- ProductErrorValidation -->
</testsuite>
