<?xml version="1.0" encoding="UTF-8"?>
<!-- Generated by org.testng.reporters.JUnitXMLReporter -->
<testsuite ignored="2" hostname="LAPTOP-S7UJHO9I" failures="0" tests="5" name="Car Loan" time="0.13" errors="0" timestamp="2023-12-03T21:44:23 IST">
  <testcase classname="TestNgTutorial.day3_DataProvider" name="MobileLogincarLoan" time="0.008"/>
  <testcase classname="TestNgTutorial.day3_DataProvider" name="MobilesignoutcarLoan" time="0.004"/>
  <testcase classname="TestNgTutorial.day3_DataProvider" name="MobilesignoutcarLoan" time="0.003"/>
  <testcase classname="TestNgTutorial.day3_DataProvider" name="MobilesignoutcarLoan" time="0.001"/>
  <testcase classname="TestNgTutorial.day3_DataProvider" name="WebloginCarLoan" time="0.001"/>
  <testcase classname="TestNgTutorial.day3_DataProvider" name="MobilesignimcarLoan" time="0.0">
    <ignored/>
  </testcase> <!-- MobilesignimcarLoan -->
  <testcase classname="TestNgTutorial.day3_DataProvider" name="APIcarLoan" time="0.0">
    <ignored/>
  </testcase> <!-- APIcarLoan -->
</testsuite> <!-- Car Loan -->
